<?xml version="1.0" encoding="UTF-8"?>
<!-- Generated by org.testng.reporters.JUnitReportReporter -->
<testsuite hostname="LAPTOP-TQ07IDTP" failures="0" tests="3" name="Onsight.FrameWork.NewTest" time="42.190" errors="0" timestamp="2023-01-10T18:13:50 IST" skipped="0">
  <testcase classname="Onsight.FrameWork.NewTest" name="verify_report" time="4.463"/>
  <system-out/>
  <testcase classname="Onsight.FrameWork.NewTest" name="create_report" time="15.497"/>
  <system-out/>
  <testcase classname="Onsight.FrameWork.NewTest" name="f" time="22.230"/>
  <system-out/>
</testsuite> <!-- Onsight.FrameWork.NewTest -->
